<?xml version="1.0" encoding="UTF-8"?>
<!-- Generated by org.testng.reporters.JUnitXMLReporter -->
<testsuite ignored="0" hostname="LAPTOP-55076DAR" failures="0" tests="6" name="Surefire test" time="14.788" errors="0" timestamp="2024-04-04T07:07:51 IST">
  <testcase classname="APIpayload.UserTests" name="testPostuser" time="4.159"/>
  <testcase classname="APIpayload.UserTests" name="testPostuser" time="1.488"/>
  <testcase classname="APIpayload.UserTests" name="testPostuser" time="1.434"/>
  <testcase classname="APIpayload.UserTests" name="testDeleteUserByName" time="1.481"/>
  <testcase classname="APIpayload.UserTests" name="testDeleteUserByName" time="1.629"/>
  <testcase classname="APIpayload.UserTests" name="testDeleteUserByName" time="1.467"/>
</testsuite> <!-- Surefire test -->
