<?xml version="1.0" encoding="UTF-8"?>
<!-- Generated by org.testng.reporters.JUnitXMLReporter -->
<testsuite ignored="0" hostname="LAPTOP-55076DAR" failures="0" tests="6" name="Default test" time="18.466" errors="0" timestamp="2024-03-30T16:17:06 IST">
  <testcase classname="APIpayload.UserTests" name="testPostuser" time="6.869"/>
  <testcase classname="APIpayload.UserTests" name="testPostuser" time="1.464"/>
  <testcase classname="APIpayload.UserTests" name="testPostuser" time="1.665"/>
  <testcase classname="APIpayload.UserTests" name="testDeleteUserByName" time="1.484"/>
  <testcase classname="APIpayload.UserTests" name="testDeleteUserByName" time="1.436"/>
  <testcase classname="APIpayload.UserTests" name="testDeleteUserByName" time="1.434"/>
</testsuite> <!-- Default test -->
