<?xml version="1.0" encoding="UTF-8"?>
<testng-results ignored="0" total="6" passed="6" failed="0" skipped="0">
  <reporter-output>
  </reporter-output>
  <suite started-at="2024-04-04T07:07:36 IST" name="Surefire suite" finished-at="2024-04-04T07:07:51 IST" duration-ms="14788">
    <groups>
    </groups>
    <test started-at="2024-04-04T07:07:36 IST" name="Surefire test" finished-at="2024-04-04T07:07:51 IST" duration-ms="14788">
      <class name="APIpayload.UserTests">
        <test-method signature="testPostuser(java.lang.String,java.lang.String,java.lang.String,java.lang.String,java.lang.String,java.lang.String,java.lang.String)[pri:1, instance:APIpayload.UserTests@10db82ae]" started-at="2024-04-04T07:07:39 IST" name="testPostuser" data-provider="Data" finished-at="2024-04-04T07:07:43 IST" duration-ms="4159" status="PASS">
          <params>
            <param index="0">
              <value>
                <![CDATA[1010]]>
              </value>
            </param>
            <param index="1">
              <value>
                <![CDATA[testuser1]]>
              </value>
            </param>
            <param index="2">
              <value>
                <![CDATA[John]]>
              </value>
            </param>
            <param index="3">
              <value>
                <![CDATA[Canedy]]>
              </value>
            </param>
            <param index="4">
              <value>
                <![CDATA[a@gmail.com ]]>
              </value>
            </param>
            <param index="5">
              <value>
                <![CDATA[ test@1]]>
              </value>
            </param>
            <param index="6">
              <value>
                <![CDATA[57328228282]]>
              </value>
            </param>
          </params>
          <reporter-output>
          </reporter-output>
        </test-method> <!-- testPostuser -->
        <test-method signature="testPostuser(java.lang.String,java.lang.String,java.lang.String,java.lang.String,java.lang.String,java.lang.String,java.lang.String)[pri:1, instance:APIpayload.UserTests@10db82ae]" started-at="2024-04-04T07:07:43 IST" name="testPostuser" data-provider="Data" finished-at="2024-04-04T07:07:44 IST" duration-ms="1488" status="PASS">
          <params>
            <param index="0">
              <value>
                <![CDATA[1012]]>
              </value>
            </param>
            <param index="1">
              <value>
                <![CDATA[testuser2]]>
              </value>
            </param>
            <param index="2">
              <value>
                <![CDATA[aunnie]]>
              </value>
            </param>
            <param index="3">
              <value>
                <![CDATA[kuls]]>
              </value>
            </param>
            <param index="4">
              <value>
                <![CDATA[b@gmail.com]]>
              </value>
            </param>
            <param index="5">
              <value>
                <![CDATA[ test@2]]>
              </value>
            </param>
            <param index="6">
              <value>
                <![CDATA[57328228283]]>
              </value>
            </param>
          </params>
          <reporter-output>
          </reporter-output>
        </test-method> <!-- testPostuser -->
        <test-method signature="testPostuser(java.lang.String,java.lang.String,java.lang.String,java.lang.String,java.lang.String,java.lang.String,java.lang.String)[pri:1, instance:APIpayload.UserTests@10db82ae]" started-at="2024-04-04T07:07:44 IST" name="testPostuser" data-provider="Data" finished-at="2024-04-04T07:07:46 IST" duration-ms="1434" status="PASS">
          <params>
            <param index="0">
              <value>
                <![CDATA[1013]]>
              </value>
            </param>
            <param index="1">
              <value>
                <![CDATA[testuser3]]>
              </value>
            </param>
            <param index="2">
              <value>
                <![CDATA[tiger]]>
              </value>
            </param>
            <param index="3">
              <value>
                <![CDATA[shroff]]>
              </value>
            </param>
            <param index="4">
              <value>
                <![CDATA[c@gmail.com]]>
              </value>
            </param>
            <param index="5">
              <value>
                <![CDATA[ test@3]]>
              </value>
            </param>
            <param index="6">
              <value>
                <![CDATA[57328228284]]>
              </value>
            </param>
          </params>
          <reporter-output>
          </reporter-output>
        </test-method> <!-- testPostuser -->
        <test-method signature="testDeleteUserByName(java.lang.String)[pri:2, instance:APIpayload.UserTests@10db82ae]" started-at="2024-04-04T07:07:46 IST" name="testDeleteUserByName" data-provider="UserNames" finished-at="2024-04-04T07:07:48 IST" duration-ms="1481" status="PASS">
          <params>
            <param index="0">
              <value>
                <![CDATA[testuser1]]>
              </value>
            </param>
          </params>
          <reporter-output>
          </reporter-output>
        </test-method> <!-- testDeleteUserByName -->
        <test-method signature="testDeleteUserByName(java.lang.String)[pri:2, instance:APIpayload.UserTests@10db82ae]" started-at="2024-04-04T07:07:48 IST" name="testDeleteUserByName" data-provider="UserNames" finished-at="2024-04-04T07:07:49 IST" duration-ms="1629" status="PASS">
          <params>
            <param index="0">
              <value>
                <![CDATA[testuser2]]>
              </value>
            </param>
          </params>
          <reporter-output>
          </reporter-output>
        </test-method> <!-- testDeleteUserByName -->
        <test-method signature="testDeleteUserByName(java.lang.String)[pri:2, instance:APIpayload.UserTests@10db82ae]" started-at="2024-04-04T07:07:49 IST" name="testDeleteUserByName" data-provider="UserNames" finished-at="2024-04-04T07:07:51 IST" duration-ms="1467" status="PASS">
          <params>
            <param index="0">
              <value>
                <![CDATA[testuser3]]>
              </value>
            </param>
          </params>
          <reporter-output>
          </reporter-output>
        </test-method> <!-- testDeleteUserByName -->
      </class> <!-- APIpayload.UserTests -->
    </test> <!-- Surefire test -->
  </suite> <!-- Surefire suite -->
</testng-results>
