<?xml version="1.0" encoding="UTF-8"?>
<testng-results ignored="0" total="4" passed="4" failed="0" skipped="0">
  <reporter-output>
  </reporter-output>
  <suite started-at="2024-04-03T11:03:48 IST" name="petSuite" finished-at="2024-04-03T11:03:59 IST" duration-ms="11433">
    <groups>
    </groups>
    <test started-at="2024-04-03T11:03:48 IST" name="petTest" finished-at="2024-04-03T11:03:59 IST" duration-ms="11433">
      <class name="APItest.usertest2">
        <test-method is-config="true" signature="setup()[pri:0, instance:APItest.usertest2@1623b78d]" started-at="2024-04-03T11:03:48 IST" name="setup" finished-at="2024-04-03T11:03:49 IST" duration-ms="1030" status="PASS">
          <reporter-output>
          </reporter-output>
        </test-method> <!-- setup -->
        <test-method signature="testPostUser()[pri:1, instance:APItest.usertest2@1623b78d]" started-at="2024-04-03T11:03:49 IST" name="testPostUser" finished-at="2024-04-03T11:03:54 IST" duration-ms="4679" status="PASS">
          <reporter-output>
          </reporter-output>
        </test-method> <!-- testPostUser -->
        <test-method signature="testGetUserByName()[pri:2, instance:APItest.usertest2@1623b78d]" started-at="2024-04-03T11:03:54 IST" name="testGetUserByName" finished-at="2024-04-03T11:03:55 IST" duration-ms="1333" status="PASS">
          <reporter-output>
          </reporter-output>
        </test-method> <!-- testGetUserByName -->
        <test-method signature="testUpdateUserByName()[pri:3, instance:APItest.usertest2@1623b78d]" started-at="2024-04-03T11:03:56 IST" name="testUpdateUserByName" finished-at="2024-04-03T11:03:58 IST" duration-ms="2616" status="PASS">
          <reporter-output>
          </reporter-output>
        </test-method> <!-- testUpdateUserByName -->
        <test-method signature="testDeleteUserByName()[pri:4, instance:APItest.usertest2@1623b78d]" started-at="2024-04-03T11:03:58 IST" name="testDeleteUserByName" finished-at="2024-04-03T11:03:59 IST" duration-ms="1286" status="PASS">
          <reporter-output>
          </reporter-output>
        </test-method> <!-- testDeleteUserByName -->
      </class> <!-- APItest.usertest2 -->
    </test> <!-- petTest -->
  </suite> <!-- petSuite -->
</testng-results>
