<?xml version="1.0" encoding="UTF-8"?>
<!-- Generated by org.testng.reporters.JUnitXMLReporter -->
<testsuite ignored="0" hostname="LAPTOP-55076DAR" failures="0" tests="4" name="petTest" time="11.433" errors="0" timestamp="2024-04-03T11:04:00 IST">
  <testcase classname="APItest.usertest2" name="testPostUser" time="4.679"/>
  <testcase classname="APItest.usertest2" name="testGetUserByName" time="1.333"/>
  <testcase classname="APItest.usertest2" name="testUpdateUserByName" time="2.616"/>
  <testcase classname="APItest.usertest2" name="testDeleteUserByName" time="1.286"/>
</testsuite> <!-- petTest -->
